<?xml version="1.0" encoding="UTF-8"?>
<testsuite xmlns:xsi="http://www.w3.org/2001/XMLSchema-instance" xsi:noNamespaceSchemaLocation="https://maven.apache.org/surefire/maven-surefire-plugin/xsd/surefire-test-report-3.0.xsd" version="3.0" name="Runners.TestRunner" time="232.626" tests="4" errors="0" skipped="0" failures="0">
  <properties>
[...]
</properties>
  <testcase name="Check the contact us page functionalities are working as expected for all the programs" classname="To check the contact us page functionalities" time="93.481">
    <system-out><![CDATA[
Scenario: Check the contact us page functionalities are working as expected for all the programs               # src/test/resources/Feature/Contactus.feature:3
  Given User is on the contact us page                                                                         # stepDefinitions.TVSRegistration.user_is_on_the_contact_us_page()
  When User fills up the form                                                                                  # stepDefinitions.TVSRegistration.user_fills_up_the_form()
  And click on Get started button                                                                              # stepDefinitions.TVSRegistration.click_on_get_started_button()
  Then USer should navigate to the payment page and able to complete the registration for the specific program # stepDefinitions.TVSRegistration.u_ser_should_navigate_to_the_payment_page_and_able_to_complete_the_registration_for_the_specific_program()
  And comes back on the home page                                                                              # stepDefinitions.TVSRegistration.comes_back_on_the_home_page()
]]></system-out>
    <system-err><![CDATA[Starting ChromeDriver 124.0.6367.78 (a087f2dd364ddd58b9c016ef1bf563d2bc138711-refs/branch-heads/6367@{#954}) on port 45535
Only local connections are allowed.
Please see https://chromedriver.chromium.org/security-considerations for suggestions on keeping ChromeDriver safe.
ChromeDriver was started successfully.
[1717395846.735][WARNING]: This version of ChromeDriver has not been tested with Chrome version 125.
Jun 03, 2024 11:54:07 AM org.openqa.selenium.remote.ProtocolHandshake createSession
INFO: Detected dialect: W3C
]]></system-err>
  </testcase>
  <testcase name="To test the supercross championship page functionalities" classname="To test the race format page functionalities of the racing website" time="57.779">
    <system-out><![CDATA[
Scenario: To test the supercross championship page functionalities                           # src/test/resources/Feature/Raceformat.feature:6
  Given I am on the supercross championship page                                             # stepDefinitions.raceformat.i_am_on_the_supercross_championship_page()
  When I scroll down and use the carousel and teams functionalities                          # stepDefinitions.raceformat.i_scroll_down_and_use_the_carousel_and_teams_functionalities()
caraousel is working successfully
  Then User should be able to navigate through it seamlessly and able to scroll down further # stepDefinitions.raceformat.user_should_be_able_to_navigate_through_it_seamlessly_and_able_to_scroll_down_further()
]]></system-out>
    <system-err><![CDATA[Starting ChromeDriver 124.0.6367.78 (a087f2dd364ddd58b9c016ef1bf563d2bc138711-refs/branch-heads/6367@{#954}) on port 18453
Only local connections are allowed.
Please see https://chromedriver.chromium.org/security-considerations for suggestions on keeping ChromeDriver safe.
ChromeDriver was started successfully.
[1717395940.957][WARNING]: This version of ChromeDriver has not been tested with Chrome version 125.
Jun 03, 2024 11:55:41 AM org.openqa.selenium.remote.ProtocolHandshake createSession
INFO: Detected dialect: W3C
]]></system-err>
  </testcase>
  <testcase name="To verify that the home page functionalities are working fine till upcoming races section" classname="Verify the home page functionalities" time="29.811">
    <system-out><![CDATA[
Scenario: To verify that the home page functionalities are working fine till upcoming races section # src/test/resources/Feature/home.feature:6
  Given I am on the tvs racing site                                                                 # stepDefinitions.homepagefunctions.i_am_on_the_tvs_racing_site()
  When I scroll down and check the functionalities                                                  # stepDefinitions.homepagefunctions.i_scroll_down_and_check_the_functionalities()
  And User clicks on the upcoming races dropdown                                                    # stepDefinitions.homepagefunctions.user_clicks_on_the_upcoming_races_dropdown()
user is able to see the upcoming races
  Then user should be able to navigate through it seamlessly                                        # stepDefinitions.homepagefunctions.user_should_be_able_to_navigate_through_it_seamlessly()
]]></system-out>
    <system-err><![CDATA[Starting ChromeDriver 124.0.6367.78 (a087f2dd364ddd58b9c016ef1bf563d2bc138711-refs/branch-heads/6367@{#954}) on port 13298
Only local connections are allowed.
Please see https://chromedriver.chromium.org/security-considerations for suggestions on keeping ChromeDriver safe.
ChromeDriver was started successfully.
[1717395997.193][WARNING]: This version of ChromeDriver has not been tested with Chrome version 125.
Jun 03, 2024 11:56:37 AM org.openqa.selenium.remote.ProtocolHandshake createSession
INFO: Detected dialect: W3C
]]></system-err>
  </testcase>
  <testcase name="Verify the Kidzania page functionalities" classname="Kidzania" time="50.648">
    <system-out><![CDATA[
Scenario: Verify the Kidzania page functionalities # src/test/resources/Feature/kidzania.feature:3
  Given I am on Kidzania page                      # stepDefinitions.Kidzaniapage.i_am_on_kidzania_page()
  When I navigate through the page                 # stepDefinitions.Kidzaniapage.i_navigate_through_the_page()
  Then I will be able to use its functionalities   # stepDefinitions.Kidzaniapage.i_will_be_able_to_use_its_functionalities()
]]></system-out>
    <system-err><![CDATA[Starting ChromeDriver 124.0.6367.78 (a087f2dd364ddd58b9c016ef1bf563d2bc138711-refs/branch-heads/6367@{#954}) on port 47959
Only local connections are allowed.
Please see https://chromedriver.chromium.org/security-considerations for suggestions on keeping ChromeDriver safe.
ChromeDriver was started successfully.
[1717396025.873][WARNING]: This version of ChromeDriver has not been tested with Chrome version 125.
Jun 03, 2024 11:57:06 AM org.openqa.selenium.remote.ProtocolHandshake createSession
INFO: Detected dialect: W3C
]]></system-err>
  </testcase>
</testsuite>